Using pre-set license
Built from '2020.3/staging' branch; Version is '2020.3.11f1 (99c7afb366b3) revision 10078127'; Using compiler version '192528614'; Build Type 'Release'
OS: 'Windows 10 Pro; OS build 19042.1052; Version 2009; 64bit' Language: 'ja' Physical Memory: 16314 MB
BatchMode: 1, IsHumanControllingUs: 0, StartBugReporterOnCrash: 0, Is64bit: 1, IsPro: 0

 COMMAND LINE ARGUMENTS:
C:\Users\bisuketto1\Unity\2020.3.11f1\Editor\Unity.exe
-adb2
-batchMode
-noUpm
-name
AssetImportWorker1
-projectPath
C:/Users/bisuketto1/PixcelSimilation
-logFile
Logs/AssetImportWorker1.log
-srvPort
55237
Successfully changed project path to: C:/Users/bisuketto1/PixcelSimilation
C:/Users/bisuketto1/PixcelSimilation
Using Asset Import Pipeline V2.
Refreshing native plugins compatible for Editor in 80.74 ms, found 3 plugins.
Preloading 0 native plugins for Editor in 0.00 ms.
Initialize engine version: 2020.3.11f1 (99c7afb366b3)
[Subsystems] Discovering subsystems at path C:/Users/bisuketto1/Unity/2020.3.11f1/Editor/Data/Resources/UnitySubsystems
[Subsystems] Discovering subsystems at path C:/Users/bisuketto1/PixcelSimilation/Assets
GfxDevice: creating device client; threaded=0
Direct3D:
    Version:  Direct3D 11.0 [level 11.1]
    Renderer: NVIDIA GeForce RTX 3070 (ID=0x2484)
    Vendor:   
    VRAM:     8043 MB
    Driver:   27.21.14.5751
Initialize mono
Mono path[0] = 'C:/Users/bisuketto1/Unity/2020.3.11f1/Editor/Data/Managed'
Mono path[1] = 'C:/Users/bisuketto1/Unity/2020.3.11f1/Editor/Data/MonoBleedingEdge/lib/mono/unityjit'
Mono config path = 'C:/Users/bisuketto1/Unity/2020.3.11f1/Editor/Data/MonoBleedingEdge/etc'
Using monoOptions --debugger-agent=transport=dt_socket,embedding=1,server=y,suspend=n,address=127.0.0.1:56488
Begin MonoManager ReloadAssembly
Registering precompiled unity dll's ...
Register platform support module: C:/Users/bisuketto1/Unity/2020.3.11f1/Editor/Data/PlaybackEngines/WebGLSupport/UnityEditor.WebGL.Extensions.dll
Register platform support module: C:/Users/bisuketto1/Unity/2020.3.11f1/Editor/Data/PlaybackEngines/WindowsStandaloneSupport/UnityEditor.WindowsStandalone.Extensions.dll
Registered in 0.002311 seconds.
Native extension for WindowsStandalone target not found
Native extension for WebGL target not found
Refreshing native plugins compatible for Editor in 77.46 ms, found 3 plugins.
Preloading 0 native plugins for Editor in 0.00 ms.
Mono: successfully reloaded assembly
- Completed reload, in  0.989 seconds
Platform modules already initialized, skipping
Registering precompiled user dll's ...
Registered in 0.004552 seconds.
Begin MonoManager ReloadAssembly
Native extension for WindowsStandalone target not found
Native extension for WebGL target not found
Refreshing native plugins compatible for Editor in 76.50 ms, found 3 plugins.
Preloading 0 native plugins for Editor in 0.00 ms.
Mono: successfully reloaded assembly
- Completed reload, in  0.873 seconds
Platform modules already initialized, skipping
========================================================================
Worker process is ready to serve import requests
Launched and connected shader compiler UnityShaderCompiler.exe after 0.04 seconds
Refreshing native plugins compatible for Editor in 1.07 ms, found 3 plugins.
Preloading 0 native plugins for Editor in 0.00 ms.
Unloading 2152 Unused Serialized files (Serialized files now loaded: 0)
System memory in use before: 101.5 MB.
System memory in use after: 101.6 MB.

Unloading 27 unused Assets to reduce memory usage. Loaded Objects now: 2592.
Total: 1.704200 ms (FindLiveObjects: 0.183400 ms CreateObjectMapping: 0.087900 ms MarkObjects: 1.385500 ms  DeleteObjects: 0.046500 ms)

========================================================================
Received Import Request.
  path: Assets/Scenes/Layout.unity
  artifactKey: Guid(86cfd3795fca4824d922a5ac2a44fca9) Importer(815301076,1909f56bfc062723c751e8b465ee728b)
Start importing Assets/Scenes/Layout.unity using Guid(86cfd3795fca4824d922a5ac2a44fca9) Importer(815301076,1909f56bfc062723c751e8b465ee728b)  -> (artifact id: '5be560c2020691f9dfda22ebfc11f81c') in 0.009104 seconds
  Import took 0.012226 seconds .

========================================================================
Received Import Request.
  Time since last request: 29.068719 seconds.
  path: Assets/Scenes/Main.unity
  artifactKey: Guid(ba8ce8efee64248e99c1d49005e03b96) Importer(815301076,1909f56bfc062723c751e8b465ee728b)
Start importing Assets/Scenes/Main.unity using Guid(ba8ce8efee64248e99c1d49005e03b96) Importer(815301076,1909f56bfc062723c751e8b465ee728b)  -> (artifact id: 'a8d8e1e06773d35e75d30c8c64e88510') in 0.006178 seconds
  Import took 0.009503 seconds .

========================================================================
Received Prepare
Refreshing native plugins compatible for Editor in 3.96 ms, found 3 plugins.
Preloading 0 native plugins for Editor in 0.00 ms.
Unloading 13 Unused Serialized files (Serialized files now loaded: 0)
System memory in use before: 58.7 MB.
System memory in use after: 58.8 MB.

Unloading 13 unused Assets to reduce memory usage. Loaded Objects now: 2592.
Total: 2.128400 ms (FindLiveObjects: 0.180500 ms CreateObjectMapping: 0.087100 ms MarkObjects: 1.847000 ms  DeleteObjects: 0.013000 ms)

========================================================================
Received Prepare
Registering precompiled user dll's ...
Registered in 0.004871 seconds.
Begin MonoManager ReloadAssembly
Native extension for WindowsStandalone target not found
Native extension for WebGL target not found
Refreshing native plugins compatible for Editor in 1.10 ms, found 3 plugins.
Preloading 0 native plugins for Editor in 0.00 ms.
Mono: successfully reloaded assembly
- Completed reload, in  0.797 seconds
Platform modules already initialized, skipping
Refreshing native plugins compatible for Editor in 1.11 ms, found 3 plugins.
Preloading 0 native plugins for Editor in 0.00 ms.
Unloading 2142 Unused Serialized files (Serialized files now loaded: 0)
System memory in use before: 100.9 MB.
System memory in use after: 101.1 MB.

Unloading 15 unused Assets to reduce memory usage. Loaded Objects now: 2595.
Total: 1.684600 ms (FindLiveObjects: 0.180400 ms CreateObjectMapping: 0.075200 ms MarkObjects: 1.413900 ms  DeleteObjects: 0.014300 ms)

========================================================================
Received Import Request.
  Time since last request: 48.715800 seconds.
  path: Assets/Scenes/Layout.unity
  artifactKey: Guid(86cfd3795fca4824d922a5ac2a44fca9) Importer(815301076,1909f56bfc062723c751e8b465ee728b)
Start importing Assets/Scenes/Layout.unity using Guid(86cfd3795fca4824d922a5ac2a44fca9) Importer(815301076,1909f56bfc062723c751e8b465ee728b)  -> (artifact id: 'e7a638a76f354b502e1e62b063439db5') in 0.008870 seconds
  Import took 0.012807 seconds .

========================================================================
Received Import Request.
  Time since last request: 24.068551 seconds.
  path: Assets/Scripts/Item_DataBase.cs
  artifactKey: Guid(a65fadb217e96524f99d832e1d17ad64) Importer(815301076,1909f56bfc062723c751e8b465ee728b)
Start importing Assets/Scripts/Item_DataBase.cs using Guid(a65fadb217e96524f99d832e1d17ad64) Importer(815301076,1909f56bfc062723c751e8b465ee728b)  -> (artifact id: 'ce8c09e3e11c66ca739e5fbd296e7d72') in 0.024580 seconds
  Import took 0.027814 seconds .

========================================================================
Received Import Request.
  Time since last request: 0.003605 seconds.
  path: Assets/Scripts/Item_DataBase.cs
  artifactKey: Guid(a65fadb217e96524f99d832e1d17ad64) Importer(815301076,1909f56bfc062723c751e8b465ee728b)
Start importing Assets/Scripts/Item_DataBase.cs using Guid(a65fadb217e96524f99d832e1d17ad64) Importer(815301076,1909f56bfc062723c751e8b465ee728b)  -> (artifact id: 'ce8c09e3e11c66ca739e5fbd296e7d72') in 0.002216 seconds
  Import took 0.005129 seconds .

========================================================================
Received Import Request.
  Time since last request: 27.169566 seconds.
  path: Assets/Scripts/Item_Effective.cs
  artifactKey: Guid(e09c0768346829d43b31945d9c1f050c) Importer(815301076,1909f56bfc062723c751e8b465ee728b)
Start importing Assets/Scripts/Item_Effective.cs using Guid(e09c0768346829d43b31945d9c1f050c) Importer(815301076,1909f56bfc062723c751e8b465ee728b)  -> (artifact id: 'a80406ff096b89720df567a9ec4adcc2') in 0.005197 seconds
  Import took 0.008578 seconds .

========================================================================
Received Import Request.
  Time since last request: 0.781252 seconds.
  path: Assets/Scripts/Item_Purchase.cs
  artifactKey: Guid(2671f418b56bfc24babe9e3d927ddea7) Importer(815301076,1909f56bfc062723c751e8b465ee728b)
Start importing Assets/Scripts/Item_Purchase.cs using Guid(2671f418b56bfc24babe9e3d927ddea7) Importer(815301076,1909f56bfc062723c751e8b465ee728b)  -> (artifact id: '4f35cac94111d0857a0dd5f5813caee2') in 0.004864 seconds
  Import took 0.007947 seconds .

========================================================================
Received Import Request.
  Time since last request: 0.003550 seconds.
  path: Assets/Scripts/Item_Purchase.cs
  artifactKey: Guid(2671f418b56bfc24babe9e3d927ddea7) Importer(815301076,1909f56bfc062723c751e8b465ee728b)
Start importing Assets/Scripts/Item_Purchase.cs using Guid(2671f418b56bfc24babe9e3d927ddea7) Importer(815301076,1909f56bfc062723c751e8b465ee728b)  -> (artifact id: '4f35cac94111d0857a0dd5f5813caee2') in 0.001834 seconds
  Import took 0.004959 seconds .

========================================================================
Received Import Request.
  Time since last request: 0.430814 seconds.
  path: Assets/Scripts/ItemEffective_VisulalUpdate.cs
  artifactKey: Guid(8399a5671c202480eb90ebd6b990500e) Importer(815301076,1909f56bfc062723c751e8b465ee728b)
Start importing Assets/Scripts/ItemEffective_VisulalUpdate.cs using Guid(8399a5671c202480eb90ebd6b990500e) Importer(815301076,1909f56bfc062723c751e8b465ee728b)  -> (artifact id: '77fbd6172f25af5ac059b961bb8353cf') in 0.004991 seconds
  Import took 0.008482 seconds .

========================================================================
Received Import Request.
  Time since last request: 2.549275 seconds.
  path: Assets/Scripts/Items.cs
  artifactKey: Guid(dd5b0e777b420a046b1dc0d85c3546c2) Importer(815301076,1909f56bfc062723c751e8b465ee728b)
Start importing Assets/Scripts/Items.cs using Guid(dd5b0e777b420a046b1dc0d85c3546c2) Importer(815301076,1909f56bfc062723c751e8b465ee728b)  -> (artifact id: '7822253c4e9d54884cde9cef3b205b8e') in 0.005431 seconds
  Import took 0.008443 seconds .

========================================================================
Received Import Request.
  Time since last request: 0.357615 seconds.
  path: Assets/Scripts/Items_Infomation_Window.cs
  artifactKey: Guid(bf6e640b3e9d64d4f8cef963a07846be) Importer(815301076,1909f56bfc062723c751e8b465ee728b)
Start importing Assets/Scripts/Items_Infomation_Window.cs using Guid(bf6e640b3e9d64d4f8cef963a07846be) Importer(815301076,1909f56bfc062723c751e8b465ee728b)  -> (artifact id: '4e6e712f897d3ae3381f347984ffca1c') in 0.005433 seconds
  Import took 0.008935 seconds .

========================================================================
Received Import Request.
  Time since last request: 1.825851 seconds.
  path: Assets/Scripts/Layout_InsItems.cs
  artifactKey: Guid(958ffe8bfb36f3e4a8ad6a3d85044372) Importer(815301076,1909f56bfc062723c751e8b465ee728b)
Start importing Assets/Scripts/Layout_InsItems.cs using Guid(958ffe8bfb36f3e4a8ad6a3d85044372) Importer(815301076,1909f56bfc062723c751e8b465ee728b)  -> (artifact id: '1680dfddb764db5b8450d9543c8100f8') in 0.005174 seconds
  Import took 0.008518 seconds .

========================================================================
Received Import Request.
  Time since last request: 0.624398 seconds.
  path: Assets/Scripts/Layout_Items.cs
  artifactKey: Guid(0d2579c85afe76842a318648279e633c) Importer(815301076,1909f56bfc062723c751e8b465ee728b)
Start importing Assets/Scripts/Layout_Items.cs using Guid(0d2579c85afe76842a318648279e633c) Importer(815301076,1909f56bfc062723c751e8b465ee728b)  -> (artifact id: '0ac3188203be41b674bfe9a5139c168f') in 0.005435 seconds
  Import took 0.008767 seconds .

========================================================================
Received Import Request.
  Time since last request: 35.629686 seconds.
  path: Assets/Scenes/Layout.unity
  artifactKey: Guid(86cfd3795fca4824d922a5ac2a44fca9) Importer(815301076,1909f56bfc062723c751e8b465ee728b)
Start importing Assets/Scenes/Layout.unity using Guid(86cfd3795fca4824d922a5ac2a44fca9) Importer(815301076,1909f56bfc062723c751e8b465ee728b)  -> (artifact id: '12698469d9c7e88889f5720ba2c8402d') in 0.002511 seconds
  Import took 0.006071 seconds .

========================================================================
Received Prepare
Registering precompiled user dll's ...
Registered in 0.004564 seconds.
Begin MonoManager ReloadAssembly
Native extension for WindowsStandalone target not found
Native extension for WebGL target not found
Refreshing native plugins compatible for Editor in 0.99 ms, found 3 plugins.
Preloading 0 native plugins for Editor in 0.00 ms.
Mono: successfully reloaded assembly
- Completed reload, in  0.733 seconds
Platform modules already initialized, skipping
Refreshing native plugins compatible for Editor in 0.96 ms, found 3 plugins.
Preloading 0 native plugins for Editor in 0.00 ms.
Unloading 2142 Unused Serialized files (Serialized files now loaded: 0)
System memory in use before: 101.0 MB.
System memory in use after: 101.1 MB.

Unloading 15 unused Assets to reduce memory usage. Loaded Objects now: 2598.
Total: 1.592600 ms (FindLiveObjects: 0.159200 ms CreateObjectMapping: 0.073100 ms MarkObjects: 1.346300 ms  DeleteObjects: 0.013300 ms)

========================================================================
Received Prepare
Registering precompiled user dll's ...
Registered in 0.004429 seconds.
Begin MonoManager ReloadAssembly
Native extension for WindowsStandalone target not found
Native extension for WebGL target not found
Refreshing native plugins compatible for Editor in 1.00 ms, found 3 plugins.
Preloading 0 native plugins for Editor in 0.00 ms.
Mono: successfully reloaded assembly
- Completed reload, in  0.735 seconds
Platform modules already initialized, skipping
Refreshing native plugins compatible for Editor in 1.10 ms, found 3 plugins.
Preloading 0 native plugins for Editor in 0.00 ms.
Unloading 2142 Unused Serialized files (Serialized files now loaded: 0)
System memory in use before: 101.0 MB.
System memory in use after: 101.1 MB.

Unloading 15 unused Assets to reduce memory usage. Loaded Objects now: 2601.
Total: 1.770000 ms (FindLiveObjects: 0.203300 ms CreateObjectMapping: 0.098800 ms MarkObjects: 1.452100 ms  DeleteObjects: 0.015000 ms)

========================================================================
Received Prepare
Registering precompiled user dll's ...
Registered in 0.004938 seconds.
Begin MonoManager ReloadAssembly
Native extension for WindowsStandalone target not found
Native extension for WebGL target not found
Refreshing native plugins compatible for Editor in 1.03 ms, found 3 plugins.
Preloading 0 native plugins for Editor in 0.00 ms.
Mono: successfully reloaded assembly
- Completed reload, in  0.789 seconds
Platform modules already initialized, skipping
Refreshing native plugins compatible for Editor in 1.13 ms, found 3 plugins.
Preloading 0 native plugins for Editor in 0.00 ms.
Unloading 2142 Unused Serialized files (Serialized files now loaded: 0)
System memory in use before: 101.0 MB.
System memory in use after: 101.2 MB.

Unloading 15 unused Assets to reduce memory usage. Loaded Objects now: 2604.
Total: 1.673500 ms (FindLiveObjects: 0.180100 ms CreateObjectMapping: 0.071400 ms MarkObjects: 1.406900 ms  DeleteObjects: 0.014100 ms)

========================================================================
Received Prepare
Registering precompiled user dll's ...
Registered in 0.004650 seconds.
Begin MonoManager ReloadAssembly
Native extension for WindowsStandalone target not found
Native extension for WebGL target not found
Refreshing native plugins compatible for Editor in 1.10 ms, found 3 plugins.
Preloading 0 native plugins for Editor in 0.00 ms.
Mono: successfully reloaded assembly
- Completed reload, in  0.730 seconds
Platform modules already initialized, skipping
Refreshing native plugins compatible for Editor in 0.99 ms, found 3 plugins.
Preloading 0 native plugins for Editor in 0.00 ms.
Unloading 2142 Unused Serialized files (Serialized files now loaded: 0)
System memory in use before: 101.1 MB.
System memory in use after: 101.2 MB.

Unloading 15 unused Assets to reduce memory usage. Loaded Objects now: 2607.
Total: 1.621100 ms (FindLiveObjects: 0.160700 ms CreateObjectMapping: 0.069100 ms MarkObjects: 1.376900 ms  DeleteObjects: 0.013400 ms)

========================================================================
Received Prepare
Registering precompiled user dll's ...
Registered in 0.004659 seconds.
Begin MonoManager ReloadAssembly
Native extension for WindowsStandalone target not found
Native extension for WebGL target not found
Refreshing native plugins compatible for Editor in 1.07 ms, found 3 plugins.
Preloading 0 native plugins for Editor in 0.00 ms.
Mono: successfully reloaded assembly
- Completed reload, in  0.740 seconds
Platform modules already initialized, skipping
Refreshing native plugins compatible for Editor in 1.02 ms, found 3 plugins.
Preloading 0 native plugins for Editor in 0.00 ms.
Unloading 2142 Unused Serialized files (Serialized files now loaded: 0)
System memory in use before: 101.1 MB.
System memory in use after: 101.2 MB.

Unloading 15 unused Assets to reduce memory usage. Loaded Objects now: 2610.
Total: 1.617300 ms (FindLiveObjects: 0.167600 ms CreateObjectMapping: 0.070700 ms MarkObjects: 1.366600 ms  DeleteObjects: 0.011600 ms)

========================================================================
Received Prepare
Registering precompiled user dll's ...
Registered in 0.004506 seconds.
Begin MonoManager ReloadAssembly
Native extension for WindowsStandalone target not found
Native extension for WebGL target not found
Refreshing native plugins compatible for Editor in 1.01 ms, found 3 plugins.
Preloading 0 native plugins for Editor in 0.00 ms.
Mono: successfully reloaded assembly
- Completed reload, in  0.729 seconds
Platform modules already initialized, skipping
Refreshing native plugins compatible for Editor in 1.08 ms, found 3 plugins.
Preloading 0 native plugins for Editor in 0.00 ms.
Unloading 2142 Unused Serialized files (Serialized files now loaded: 0)
System memory in use before: 101.1 MB.
System memory in use after: 101.2 MB.

Unloading 15 unused Assets to reduce memory usage. Loaded Objects now: 2613.
Total: 1.608400 ms (FindLiveObjects: 0.170100 ms CreateObjectMapping: 0.071200 ms MarkObjects: 1.354700 ms  DeleteObjects: 0.011700 ms)

========================================================================
Received Prepare
Registering precompiled user dll's ...
Registered in 0.004537 seconds.
Begin MonoManager ReloadAssembly
Native extension for WindowsStandalone target not found
Native extension for WebGL target not found
Refreshing native plugins compatible for Editor in 1.00 ms, found 3 plugins.
Preloading 0 native plugins for Editor in 0.00 ms.
Mono: successfully reloaded assembly
- Completed reload, in  0.727 seconds
Platform modules already initialized, skipping
Refreshing native plugins compatible for Editor in 0.99 ms, found 3 plugins.
Preloading 0 native plugins for Editor in 0.00 ms.
Unloading 2142 Unused Serialized files (Serialized files now loaded: 0)
System memory in use before: 101.1 MB.
System memory in use after: 101.2 MB.

Unloading 15 unused Assets to reduce memory usage. Loaded Objects now: 2616.
Total: 1.600900 ms (FindLiveObjects: 0.148000 ms CreateObjectMapping: 0.063300 ms MarkObjects: 1.376300 ms  DeleteObjects: 0.012600 ms)

========================================================================
Received Prepare
Registering precompiled user dll's ...
Registered in 0.004525 seconds.
Begin MonoManager ReloadAssembly
Native extension for WindowsStandalone target not found
Native extension for WebGL target not found
Refreshing native plugins compatible for Editor in 1.00 ms, found 3 plugins.
Preloading 0 native plugins for Editor in 0.00 ms.
Mono: successfully reloaded assembly
- Completed reload, in  0.728 seconds
Platform modules already initialized, skipping
Refreshing native plugins compatible for Editor in 1.00 ms, found 3 plugins.
Preloading 0 native plugins for Editor in 0.00 ms.
Unloading 2142 Unused Serialized files (Serialized files now loaded: 0)
System memory in use before: 101.1 MB.
System memory in use after: 101.2 MB.

Unloading 15 unused Assets to reduce memory usage. Loaded Objects now: 2619.
Total: 1.650800 ms (FindLiveObjects: 0.153300 ms CreateObjectMapping: 0.065500 ms MarkObjects: 1.418900 ms  DeleteObjects: 0.012300 ms)

========================================================================
Received Import Request.
  Time since last request: 107.459109 seconds.
  path: Assets/Scenes/Layout.unity
  artifactKey: Guid(86cfd3795fca4824d922a5ac2a44fca9) Importer(815301076,1909f56bfc062723c751e8b465ee728b)
Start importing Assets/Scenes/Layout.unity using Guid(86cfd3795fca4824d922a5ac2a44fca9) Importer(815301076,1909f56bfc062723c751e8b465ee728b)  -> (artifact id: '653fd6e74134dad3bd37ced088e6f2c6') in 0.011908 seconds
  Import took 0.015083 seconds .

========================================================================
Received Prepare
Registering precompiled user dll's ...
Registered in 0.004502 seconds.
Begin MonoManager ReloadAssembly
Native extension for WindowsStandalone target not found
Native extension for WebGL target not found
Refreshing native plugins compatible for Editor in 1.00 ms, found 3 plugins.
Preloading 0 native plugins for Editor in 0.00 ms.
Mono: successfully reloaded assembly
- Completed reload, in  0.735 seconds
Platform modules already initialized, skipping
Refreshing native plugins compatible for Editor in 0.98 ms, found 3 plugins.
Preloading 0 native plugins for Editor in 0.00 ms.
Unloading 2142 Unused Serialized files (Serialized files now loaded: 0)
System memory in use before: 101.1 MB.
System memory in use after: 101.2 MB.

Unloading 15 unused Assets to reduce memory usage. Loaded Objects now: 2622.
Total: 1.606700 ms (FindLiveObjects: 0.159700 ms CreateObjectMapping: 0.068800 ms MarkObjects: 1.364000 ms  DeleteObjects: 0.013400 ms)

========================================================================
Received Prepare
Registering precompiled user dll's ...
Registered in 0.004733 seconds.
Begin MonoManager ReloadAssembly
Native extension for WindowsStandalone target not found
Native extension for WebGL target not found
Refreshing native plugins compatible for Editor in 0.99 ms, found 3 plugins.
Preloading 0 native plugins for Editor in 0.00 ms.
Mono: successfully reloaded assembly
- Completed reload, in  0.731 seconds
Platform modules already initialized, skipping
Refreshing native plugins compatible for Editor in 0.96 ms, found 3 plugins.
Preloading 0 native plugins for Editor in 0.00 ms.
Unloading 2142 Unused Serialized files (Serialized files now loaded: 0)
System memory in use before: 101.1 MB.
System memory in use after: 101.2 MB.

Unloading 15 unused Assets to reduce memory usage. Loaded Objects now: 2625.
Total: 1.633000 ms (FindLiveObjects: 0.161900 ms CreateObjectMapping: 0.079400 ms MarkObjects: 1.378700 ms  DeleteObjects: 0.012500 ms)

========================================================================
Received Prepare
Registering precompiled user dll's ...
Registered in 0.004736 seconds.
Begin MonoManager ReloadAssembly
Native extension for WindowsStandalone target not found
Native extension for WebGL target not found
Refreshing native plugins compatible for Editor in 1.01 ms, found 3 plugins.
Preloading 0 native plugins for Editor in 0.00 ms.
Mono: successfully reloaded assembly
- Completed reload, in  0.728 seconds
Platform modules already initialized, skipping
Refreshing native plugins compatible for Editor in 1.07 ms, found 3 plugins.
Preloading 0 native plugins for Editor in 0.00 ms.
Unloading 2142 Unused Serialized files (Serialized files now loaded: 0)
System memory in use before: 101.1 MB.
System memory in use after: 101.2 MB.

Unloading 15 unused Assets to reduce memory usage. Loaded Objects now: 2628.
Total: 1.609100 ms (FindLiveObjects: 0.166100 ms CreateObjectMapping: 0.073000 ms MarkObjects: 1.356500 ms  DeleteObjects: 0.012900 ms)

========================================================================
Received Prepare
Registering precompiled user dll's ...
Registered in 0.004688 seconds.
Begin MonoManager ReloadAssembly
Native extension for WindowsStandalone target not found
Native extension for WebGL target not found
Refreshing native plugins compatible for Editor in 0.99 ms, found 3 plugins.
Preloading 0 native plugins for Editor in 0.00 ms.
Mono: successfully reloaded assembly
- Completed reload, in  0.728 seconds
Platform modules already initialized, skipping
Refreshing native plugins compatible for Editor in 0.93 ms, found 3 plugins.
Preloading 0 native plugins for Editor in 0.00 ms.
Unloading 2142 Unused Serialized files (Serialized files now loaded: 0)
System memory in use before: 101.1 MB.
System memory in use after: 101.3 MB.

Unloading 15 unused Assets to reduce memory usage. Loaded Objects now: 2631.
Total: 1.594000 ms (FindLiveObjects: 0.151400 ms CreateObjectMapping: 0.061700 ms MarkObjects: 1.366000 ms  DeleteObjects: 0.014300 ms)

========================================================================
Received Prepare
Registering precompiled user dll's ...
Registered in 0.004768 seconds.
Begin MonoManager ReloadAssembly
Native extension for WindowsStandalone target not found
Native extension for WebGL target not found
Refreshing native plugins compatible for Editor in 1.06 ms, found 3 plugins.
Preloading 0 native plugins for Editor in 0.00 ms.
Mono: successfully reloaded assembly
- Completed reload, in  0.775 seconds
Platform modules already initialized, skipping
Refreshing native plugins compatible for Editor in 1.07 ms, found 3 plugins.
Preloading 0 native plugins for Editor in 0.00 ms.
Unloading 2142 Unused Serialized files (Serialized files now loaded: 0)
System memory in use before: 101.1 MB.
System memory in use after: 101.3 MB.

Unloading 15 unused Assets to reduce memory usage. Loaded Objects now: 2634.
Total: 1.752400 ms (FindLiveObjects: 0.176400 ms CreateObjectMapping: 0.071200 ms MarkObjects: 1.490700 ms  DeleteObjects: 0.013400 ms)

========================================================================
Received Prepare
Registering precompiled user dll's ...
Registered in 0.004821 seconds.
Begin MonoManager ReloadAssembly
Native extension for WindowsStandalone target not found
Native extension for WebGL target not found
Refreshing native plugins compatible for Editor in 1.05 ms, found 3 plugins.
Preloading 0 native plugins for Editor in 0.00 ms.
Mono: successfully reloaded assembly
- Completed reload, in  0.798 seconds
Platform modules already initialized, skipping
Refreshing native plugins compatible for Editor in 0.96 ms, found 3 plugins.
Preloading 0 native plugins for Editor in 0.00 ms.
Unloading 2142 Unused Serialized files (Serialized files now loaded: 0)
System memory in use before: 101.1 MB.
System memory in use after: 101.3 MB.

Unloading 15 unused Assets to reduce memory usage. Loaded Objects now: 2637.
Total: 1.598100 ms (FindLiveObjects: 0.155100 ms CreateObjectMapping: 0.068000 ms MarkObjects: 1.361600 ms  DeleteObjects: 0.012500 ms)

========================================================================
Received Prepare
Registering precompiled user dll's ...
Registered in 0.004509 seconds.
Begin MonoManager ReloadAssembly
Native extension for WindowsStandalone target not found
Native extension for WebGL target not found
Refreshing native plugins compatible for Editor in 1.00 ms, found 3 plugins.
Preloading 0 native plugins for Editor in 0.00 ms.
Mono: successfully reloaded assembly
- Completed reload, in  0.723 seconds
Platform modules already initialized, skipping
Refreshing native plugins compatible for Editor in 0.95 ms, found 3 plugins.
Preloading 0 native plugins for Editor in 0.00 ms.
Unloading 2142 Unused Serialized files (Serialized files now loaded: 0)
System memory in use before: 101.2 MB.
System memory in use after: 101.3 MB.

Unloading 15 unused Assets to reduce memory usage. Loaded Objects now: 2640.
Total: 1.580300 ms (FindLiveObjects: 0.146900 ms CreateObjectMapping: 0.061800 ms MarkObjects: 1.358200 ms  DeleteObjects: 0.012700 ms)

========================================================================
Received Prepare
Registering precompiled user dll's ...
Registered in 0.004564 seconds.
Begin MonoManager ReloadAssembly
Native extension for WindowsStandalone target not found
Native extension for WebGL target not found
Refreshing native plugins compatible for Editor in 0.99 ms, found 3 plugins.
Preloading 0 native plugins for Editor in 0.00 ms.
Mono: successfully reloaded assembly
- Completed reload, in  0.741 seconds
Platform modules already initialized, skipping
Refreshing native plugins compatible for Editor in 0.92 ms, found 3 plugins.
Preloading 0 native plugins for Editor in 0.00 ms.
Unloading 2142 Unused Serialized files (Serialized files now loaded: 0)
System memory in use before: 101.2 MB.
System memory in use after: 101.3 MB.

Unloading 15 unused Assets to reduce memory usage. Loaded Objects now: 2643.
Total: 1.630400 ms (FindLiveObjects: 0.164000 ms CreateObjectMapping: 0.071600 ms MarkObjects: 1.381700 ms  DeleteObjects: 0.012300 ms)

========================================================================
Received Prepare
Registering precompiled user dll's ...
Registered in 0.004502 seconds.
Begin MonoManager ReloadAssembly
Native extension for WindowsStandalone target not found
Native extension for WebGL target not found
Refreshing native plugins compatible for Editor in 0.99 ms, found 3 plugins.
Preloading 0 native plugins for Editor in 0.00 ms.
Mono: successfully reloaded assembly
- Completed reload, in  0.728 seconds
Platform modules already initialized, skipping
Refreshing native plugins compatible for Editor in 0.96 ms, found 3 plugins.
Preloading 0 native plugins for Editor in 0.00 ms.
Unloading 2142 Unused Serialized files (Serialized files now loaded: 0)
System memory in use before: 101.2 MB.
System memory in use after: 101.3 MB.

Unloading 15 unused Assets to reduce memory usage. Loaded Objects now: 2646.
Total: 1.684300 ms (FindLiveObjects: 0.172800 ms CreateObjectMapping: 0.071000 ms MarkObjects: 1.425400 ms  DeleteObjects: 0.014400 ms)

AssetImportWorkerClient::OnTransportError - code=2 error=End of file
